
=== Wed Sep 20 18:46:46 2023

Packages were changed.
Update Mode: updateDependencies

The following packages were added:
  com.unity.2d.tilemap@1.0.0
  com.unity.ads@3.7.5
  com.unity.analytics@3.6.12
  com.unity.purchasing@4.4.1
  com.unity.xr.legacyinputhelpers@2.1.10

=== Sat Dec 30 00:20:16 2023

Packages were changed.
Update Mode: updateDependencies

The following packages were updated:
  com.unity.collab-proxy from version 1.7.1 to 2.0.4
  com.unity.ide.rider from version 2.0.7 to 3.0.21
  com.unity.ide.visualstudio from version 2.0.11 to 2.0.18
  com.unity.ide.vscode from version 1.2.3 to 1.2.5
  com.unity.render-pipelines.universal from version 10.6.0 to 10.10.1
  com.unity.test-framework from version 1.1.27 to 1.1.33

=== Sat Dec 30 00:20:16 2023

Packages were changed.
Update Mode: mergeDefaultDependencies

The following packages were added:
  com.unity.render-pipelines.universal@10.10.1
The following packages were updated:
  com.unity.collab-proxy from version 1.17.2 to 2.0.4
  com.unity.ide.rider from version 3.0.15 to 3.0.21
  com.unity.ide.visualstudio from version 2.0.16 to 2.0.18
  com.unity.test-framework from version 1.1.31 to 1.1.33
